0it [00:00, ?it/s]1it [06:45, 405.42s/it]2it [07:32, 297.85s/it]3it [08:00, 217.04s/it]4it [08:14, 155.94s/it]5it [11:39, 170.65s/it]6it [12:38, 137.42s/it]7it [13:57, 119.63s/it]8it [17:58, 156.22s/it]9it [19:53, 143.72s/it]10it [20:50, 117.75s/it]11it [22:09, 106.16s/it]12it [24:02, 108.15s/it]13it [24:21, 81.57s/it] 14it [25:19, 74.50s/it]15it [26:18, 69.89s/it]16it [26:35, 53.96s/it]17it [30:22, 105.77s/it]18it [31:36, 96.28s/it] 19it [31:53, 72.55s/it]20it [34:21, 95.08s/it]21it [38:21, 138.67s/it]22it [39:01, 109.09s/it]23it [39:46, 89.87s/it] 24it [39:59, 66.79s/it]25it [41:30, 73.92s/it]26it [42:01, 61.21s/it]27it [44:28, 86.71s/it]28it [46:36, 99.18s/it]29it [47:01, 77.08s/it]30it [47:12, 57.22s/it]31it [48:36, 65.28s/it]32it [49:30, 61.64s/it]33it [49:31, 43.46s/it]34it [50:16, 44.14s/it]35it [52:50, 77.14s/it]36it [53:40, 68.82s/it]37it [53:56, 52.98s/it]38it [54:10, 41.40s/it]39it [56:49, 76.68s/it]40it [59:49, 107.57s/it]41it [1:04:34, 160.80s/it]42it [1:04:56, 119.20s/it]43it [1:05:02, 85.09s/it] 44it [1:05:33, 68.87s/it]45it [1:06:47, 70.66s/it]46it [1:09:34, 99.48s/it]47it [1:10:18, 82.93s/it]48it [1:14:52, 140.01s/it]49it [1:15:17, 105.70s/it]50it [1:15:25, 76.44s/it] 51it [1:16:11, 67.25s/it]52it [1:16:23, 50.68s/it]53it [1:16:26, 36.38s/it]54it [1:20:39, 101.40s/it]55it [1:20:58, 76.47s/it] 56it [1:21:11, 57.40s/it]57it [1:23:05, 74.54s/it]58it [1:23:28, 59.08s/it]59it [1:23:34, 42.98s/it]60it [1:23:37, 31.13s/it]61it [1:23:40, 22.55s/it]62it [1:28:47, 107.88s/it]63it [1:31:33, 125.56s/it]64it [1:32:20, 101.97s/it]65it [1:32:26, 73.02s/it] 66it [1:35:12, 100.97s/it]67it [1:35:19, 72.86s/it] 68it [1:36:21, 69.53s/it]69it [1:37:33, 70.29s/it]70it [1:37:55, 55.74s/it]71it [1:38:02, 41.25s/it]72it [1:38:34, 38.33s/it]73it [1:38:39, 28.31s/it]74it [1:39:27, 34.24s/it]75it [1:39:30, 24.81s/it]76it [1:39:35, 18.92s/it]77it [1:40:45, 34.43s/it]78it [1:41:04, 29.70s/it]79it [1:41:25, 27.07s/it]80it [1:41:53, 27.50s/it]81it [1:42:14, 25.34s/it]82it [1:42:38, 25.13s/it]83it [1:43:07, 26.24s/it]84it [1:43:15, 20.73s/it]85it [1:44:20, 33.84s/it]86it [1:44:53, 33.72s/it]87it [1:45:10, 28.60s/it]88it [1:45:34, 27.30s/it]89it [1:46:22, 33.60s/it]90it [1:46:58, 34.24s/it]91it [1:47:27, 32.61s/it]92it [1:48:01, 32.96s/it]93it [1:48:47, 36.90s/it]94it [1:49:04, 30.98s/it]95it [1:50:06, 40.38s/it]96it [1:50:09, 29.14s/it]97it [1:50:20, 23.76s/it]98it [1:50:43, 23.44s/it]99it [1:51:25, 29.00s/it]100it [1:51:33, 22.74s/it]101it [1:54:40, 71.96s/it]102it [1:54:55, 55.03s/it]103it [1:54:59, 39.70s/it]104it [1:55:08, 30.41s/it]105it [1:55:15, 23.31s/it]106it [1:55:23, 18.70s/it]107it [1:56:15, 28.81s/it]108it [1:57:42, 46.16s/it]109it [1:58:32, 47.40s/it]110it [1:58:44, 36.74s/it]111it [1:59:17, 35.65s/it]112it [1:59:27, 27.85s/it]113it [1:59:36, 22.17s/it]114it [1:59:36, 15.63s/it]115it [1:59:51, 15.45s/it]116it [1:59:59, 13.33s/it]117it [2:00:01,  9.90s/it]118it [2:01:18, 29.92s/it]119it [2:01:25, 23.08s/it]120it [2:01:55, 25.14s/it]122it [2:02:24, 21.91s/it]123it [2:02:32, 17.78s/it]124it [2:03:20, 26.88s/it]125it [2:03:25, 20.29s/it]126it [2:04:25, 32.21s/it]127it [2:05:11, 36.42s/it]128it [2:06:42, 52.81s/it]129it [2:07:28, 50.62s/it]130it [2:07:31, 36.39s/it]131it [2:10:50, 85.28s/it]132it [2:12:20, 86.51s/it]133it [2:12:25, 62.26s/it]134it [2:13:11, 57.31s/it]135it [2:13:57, 53.84s/it]136it [2:14:48, 52.91s/it]137it [2:15:03, 41.62s/it]138it [2:15:27, 36.48s/it]139it [2:16:03, 36.32s/it]140it [2:16:36, 35.19s/it]141it [2:17:11, 35.21s/it]142it [2:18:17, 44.51s/it]143it [2:18:55, 42.62s/it]144it [2:19:41, 43.35s/it]145it [2:19:53, 33.94s/it]146it [2:20:00, 25.94s/it]147it [2:21:48, 50.52s/it]148it [2:22:35, 49.58s/it]149it [2:23:33, 52.03s/it]150it [2:24:37, 55.82s/it]151it [2:25:18, 51.15s/it]152it [2:25:27, 38.50s/it]153it [2:25:28, 27.36s/it]154it [2:25:51, 26.06s/it]155it [2:26:01, 21.07s/it]156it [2:26:36, 25.37s/it]157it [2:26:37, 18.23s/it]158it [2:26:45, 14.93s/it]159it [2:26:51, 12.37s/it]160it [2:28:21, 35.61s/it]161it [2:29:10, 39.68s/it]162it [2:29:24, 32.03s/it]163it [2:29:26, 23.03s/it]164it [2:29:52, 23.88s/it]165it [2:30:07, 21.12s/it]166it [2:30:15, 17.18s/it]167it [2:30:28, 15.87s/it]168it [2:31:26, 28.57s/it]169it [2:31:29, 21.04s/it]170it [2:31:57, 23.13s/it]171it [2:32:27, 25.02s/it]172it [2:33:15, 31.87s/it]173it [2:33:34, 28.06s/it]174it [2:34:49, 42.14s/it]175it [2:34:52, 30.42s/it]176it [2:35:01, 23.88s/it]177it [2:35:34, 26.70s/it]178it [2:35:56, 25.29s/it]179it [2:36:58, 36.43s/it]180it [2:37:13, 29.97s/it]181it [2:38:10, 38.18s/it]182it [2:40:06, 61.42s/it]183it [2:42:40, 89.03s/it]184it [2:43:26, 76.34s/it]185it [2:43:56, 62.26s/it]186it [2:44:46, 58.79s/it]187it [2:48:26, 107.11s/it]188it [2:49:02, 85.62s/it] 189it [2:50:15, 81.91s/it]190it [2:51:07, 72.84s/it]191it [2:52:16, 71.75s/it]192it [2:53:52, 79.09s/it]193it [2:54:09, 60.42s/it]194it [2:55:38, 68.89s/it]195it [2:56:56, 71.81s/it]196it [2:56:56, 50.34s/it]197it [2:58:59, 71.92s/it]198it [2:59:08, 53.22s/it]199it [2:59:40, 46.75s/it]200it [3:00:39, 50.35s/it]201it [3:01:24, 48.97s/it]202it [3:02:05, 46.37s/it]203it [3:02:47, 45.03s/it]204it [3:03:00, 35.55s/it]205it [3:04:46, 56.79s/it]206it [3:06:04, 63.03s/it]207it [3:07:08, 63.28s/it]208it [3:07:26, 49.85s/it]209it [3:07:32, 36.52s/it]210it [3:10:25, 77.57s/it]211it [3:11:34, 74.89s/it]212it [3:13:58, 95.78s/it]213it [3:14:10, 70.42s/it]214it [3:16:10, 85.28s/it]215it [3:16:50, 71.86s/it]216it [3:19:42, 101.73s/it]217it [3:20:00, 76.75s/it] 218it [3:20:58, 71.00s/it]219it [3:22:52, 83.99s/it]220it [3:23:26, 69.07s/it]221it [3:24:12, 62.08s/it]222it [3:25:12, 61.64s/it]223it [3:25:21, 45.80s/it]224it [3:26:20, 49.52s/it]225it [3:26:33, 38.67s/it]226it [3:27:08, 37.53s/it]227it [3:29:44, 73.06s/it]228it [3:30:10, 59.12s/it]229it [3:30:33, 48.21s/it]230it [3:30:38, 35.34s/it]231it [3:31:59, 48.84s/it]232it [3:32:01, 34.74s/it]233it [3:32:16, 28.83s/it]234it [3:33:34, 43.63s/it]235it [3:33:47, 34.47s/it]236it [3:34:21, 34.30s/it]237it [3:34:34, 28.11s/it]238it [3:35:25, 34.85s/it]239it [3:35:32, 26.44s/it]240it [3:35:58, 26.20s/it]241it [3:36:12, 22.63s/it]242it [3:36:19, 18.05s/it]243it [3:36:51, 22.15s/it]244it [3:37:54, 34.37s/it]245it [3:38:17, 31.08s/it]246it [3:39:30, 43.50s/it]247it [3:42:13, 79.36s/it]248it [3:42:14, 55.92s/it]249it [3:42:25, 42.60s/it]250it [3:43:05, 41.61s/it]251it [3:43:06, 29.46s/it]252it [3:44:48, 51.33s/it]253it [3:45:17, 44.55s/it]254it [3:45:20, 32.18s/it]255it [3:46:20, 40.44s/it]256it [3:47:39, 51.95s/it]257it [3:48:46, 56.43s/it]258it [3:49:01, 44.19s/it]259it [3:49:53, 46.32s/it]260it [3:50:26, 42.33s/it]261it [3:50:32, 31.43s/it]262it [3:50:40, 24.66s/it]263it [3:51:04, 24.32s/it]264it [3:51:47, 29.82s/it]265it [3:51:47, 21.04s/it]266it [3:51:58, 18.07s/it]267it [3:52:22, 19.88s/it]268it [3:52:35, 17.74s/it]269it [3:52:41, 14.26s/it]270it [3:52:55, 14.09s/it]271it [3:57:03, 84.13s/it]272it [3:57:47, 72.15s/it]273it [3:59:32, 82.15s/it]274it [4:00:24, 73.02s/it]275it [4:00:35, 54.45s/it]276it [4:01:43, 58.59s/it]277it [4:01:56, 44.80s/it]278it [4:02:01, 32.87s/it]279it [4:02:05, 24.27s/it]280it [4:02:29, 24.10s/it]281it [4:04:33, 53.98s/it]282it [4:06:21, 70.22s/it]283it [4:06:23, 49.97s/it]284it [4:06:44, 41.19s/it]285it [4:08:07, 53.56s/it]287it [4:08:35, 41.81s/it]288it [4:10:28, 63.06s/it]289it [4:11:48, 68.21s/it]290it [4:12:38, 62.81s/it]291it [4:12:58, 49.98s/it]292it [4:13:00, 35.55s/it]293it [4:16:04, 79.86s/it]294it [4:16:28, 63.31s/it]295it [4:17:55, 70.38s/it]296it [4:18:13, 54.52s/it]297it [4:19:04, 53.60s/it]298it [4:19:16, 41.10s/it]299it [4:19:28, 32.38s/it]300it [4:19:28, 22.78s/it]301it [4:19:57, 24.39s/it]302it [4:20:04, 19.23s/it]303it [4:21:37, 41.42s/it]304it [4:21:49, 32.46s/it]305it [4:22:31, 35.47s/it]306it [4:23:07, 35.57s/it]307it [4:23:26, 30.72s/it]308it [4:24:19, 37.46s/it]309it [4:24:28, 28.64s/it]310it [4:25:17, 34.95s/it]311it [4:26:18, 42.58s/it]312it [4:26:28, 33.03s/it]313it [4:26:39, 26.39s/it]314it [4:27:10, 27.70s/it]315it [4:27:12, 20.01s/it]317it [4:27:46, 19.17s/it]318it [4:28:09, 20.23s/it]319it [4:28:33, 21.44s/it]320it [4:29:22, 29.65s/it]321it [4:29:38, 25.39s/it]322it [4:30:46, 38.37s/it]323it [4:31:03, 31.84s/it]324it [4:31:59, 38.99s/it]325it [4:32:01, 28.13s/it]326it [4:32:03, 20.04s/it]327it [4:34:00, 49.18s/it]328it [4:34:19, 40.16s/it]329it [4:34:26, 30.10s/it]330it [4:34:38, 24.93s/it]331it [4:34:39, 17.66s/it]332it [4:35:14, 22.98s/it]333it [4:35:31, 20.92s/it]334it [4:36:02, 24.12s/it]335it [4:37:00, 34.22s/it]336it [4:37:47, 38.12s/it]337it [4:38:18, 36.09s/it]338it [4:38:59, 37.41s/it]339it [4:39:15, 30.89s/it]340it [4:39:54, 33.50s/it]341it [4:40:41, 37.39s/it]342it [4:41:06, 33.81s/it]343it [4:41:07, 23.97s/it]344it [4:41:21, 21.04s/it]345it [4:44:32, 72.02s/it]346it [4:46:15, 81.31s/it]347it [4:47:46, 84.21s/it]348it [4:48:30, 72.08s/it]349it [4:49:58, 76.79s/it]350it [4:51:29, 80.98s/it]351it [4:51:53, 64.12s/it]352it [4:54:36, 93.79s/it]353it [4:54:40, 66.74s/it]354it [4:55:09, 55.38s/it]355it [4:55:59, 53.72s/it]pipe:: corrupt input packet in stream 0
[rawvideo @ 0x60e1c80] Invalid buffer size, packet size 65536 < expected frame_size 196608
Error while decoding stream #0:0: Invalid argument
multiprocessing.pool.RemoteTraceback: 
"""
Traceback (most recent call last):
  File "/opt/conda/lib/python3.7/multiprocessing/pool.py", line 121, in worker
    result = (True, func(*args, **kwds))
  File "load_videos.py", line 68, in run
    save(os.path.join(args.out_folder, partition, path), entry['frames'], args.format)
  File "/home/jupyter/Acronym/video_processing/video-preprocessing/util.py", line 118, in save
    imageio.mimsave(path, frames)
  File "/opt/conda/lib/python3.7/site-packages/imageio/core/functions.py", line 357, in mimwrite
    writer.append_data(im)
  File "/opt/conda/lib/python3.7/site-packages/imageio/core/format.py", line 492, in append_data
    return self._append_data(im, total_meta)
  File "/opt/conda/lib/python3.7/site-packages/imageio/plugins/ffmpeg.py", line 558, in _append_data
    self._initialize()
  File "/opt/conda/lib/python3.7/site-packages/imageio/plugins/ffmpeg.py", line 616, in _initialize
    self._write_gen.send(None)
  File "/opt/conda/lib/python3.7/site-packages/imageio_ffmpeg/_io.py", line 379, in write_frames
    cmd, stdin=subprocess.PIPE, stdout=subprocess.PIPE, stderr=None, shell=ISWIN
  File "/opt/conda/lib/python3.7/subprocess.py", line 800, in __init__
    restore_signals, start_new_session)
  File "/opt/conda/lib/python3.7/subprocess.py", line 1482, in _execute_child
    restore_signals, start_new_session, preexec_fn)
OSError: [Errno 12] Cannot allocate memory
"""

The above exception was the direct cause of the following exception:

Traceback (most recent call last):
  File "load_videos.py", line 96, in <module>
    for chunks_data in tqdm(pool.imap_unordered(run, zip(video_ids, args_list))):
  File "/home/jupyter/.local/lib/python3.7/site-packages/tqdm/_tqdm.py", line 1002, in __iter__
    for obj in iterable:
  File "/opt/conda/lib/python3.7/multiprocessing/pool.py", line 748, in next
    raise value
  File "/opt/conda/lib/python3.7/multiprocessing/pool.py", line 121, in worker
    result = (True, func(*args, **kwds))
  File "load_videos.py", line 68, in run
    save(os.path.join(args.out_folder, partition, path), entry['frames'], args.format)
  File "/home/jupyter/Acronym/video_processing/video-preprocessing/util.py", line 118, in save
    imageio.mimsave(path, frames)
  File "/opt/conda/lib/python3.7/site-packages/imageio/core/functions.py", line 357, in mimwrite
    writer.append_data(im)
  File "/opt/conda/lib/python3.7/site-packages/imageio/core/format.py", line 492, in append_data
    return self._append_data(im, total_meta)
  File "/opt/conda/lib/python3.7/site-packages/imageio/plugins/ffmpeg.py", line 558, in _append_data
    self._initialize()
  File "/opt/conda/lib/python3.7/site-packages/imageio/plugins/ffmpeg.py", line 616, in _initialize
    self._write_gen.send(None)
  File "/opt/conda/lib/python3.7/site-packages/imageio_ffmpeg/_io.py", line 379, in write_frames
    cmd, stdin=subprocess.PIPE, stdout=subprocess.PIPE, stderr=None, shell=ISWIN
  File "/opt/conda/lib/python3.7/subprocess.py", line 800, in __init__
    restore_signals, start_new_session)
  File "/opt/conda/lib/python3.7/subprocess.py", line 1482, in _execute_child
    restore_signals, start_new_session, preexec_fn)
OSError: [Errno 12] Cannot allocate memory

0it [00:00, ?it/s]1it [00:11, 11.08s/it]2it [00:13,  8.60s/it]3it [00:14,  6.11s/it]4it [00:30,  9.15s/it]5it [00:31,  6.70s/it]6it [00:45,  9.05s/it]7it [01:05, 12.28s/it]8it [01:23, 14.02s/it]9it [01:37, 14.02s/it]av_interleaved_write_frame(): No space left on device
10it [01:52, 14.19s/it]Error writing trailer of /home/jupyter/Acronym/video_processing/video-preprocessing/vox/train/jL4j22MOBiw#000635#000938.mp4: No space left on device
multiprocessing.pool.RemoteTraceback: 
"""
Traceback (most recent call last):
  File "/opt/conda/lib/python3.7/site-packages/imageio_ffmpeg/_io.py", line 411, in write_frames
    p.stdin.write(bb)
BrokenPipeError: [Errno 32] Broken pipe

During handling of the above exception, another exception occurred:

Traceback (most recent call last):
  File "/opt/conda/lib/python3.7/multiprocessing/pool.py", line 121, in worker
    result = (True, func(*args, **kwds))
  File "load_videos.py", line 68, in run
    save(os.path.join(args.out_folder, partition, path), entry['frames'], args.format)
  File "/home/jupyter/Acronym/video_processing/video-preprocessing/util.py", line 118, in save
    imageio.mimsave(path, frames)
  File "/opt/conda/lib/python3.7/site-packages/imageio/core/functions.py", line 357, in mimwrite
    writer.append_data(im)
  File "/opt/conda/lib/python3.7/site-packages/imageio/core/format.py", line 492, in append_data
    return self._append_data(im, total_meta)
  File "/opt/conda/lib/python3.7/site-packages/imageio/plugins/ffmpeg.py", line 571, in _append_data
    self._write_gen.send(im)
  File "/opt/conda/lib/python3.7/site-packages/imageio_ffmpeg/_io.py", line 418, in write_frames
    raise IOError(msg)
OSError: [Errno 32] Broken pipe

FFMPEG COMMAND:
/opt/conda/lib/python3.7/site-packages/imageio_ffmpeg/binaries/ffmpeg-linux64-v4.1 -y -f rawvideo -vcodec rawvideo -s 256x256 -pix_fmt rgb24 -r 10.00 -i - -an -vcodec libx264 -pix_fmt yuv420p -crf 25 -v warning /home/jupyter/Acronym/video_processing/video-preprocessing/vox/train/jL4j22MOBiw#000635#000938.mp4

FFMPEG STDERR OUTPUT:

"""

The above exception was the direct cause of the following exception:

Traceback (most recent call last):
  File "load_videos.py", line 96, in <module>
    for chunks_data in tqdm(pool.imap_unordered(run, zip(video_ids, args_list))):
  File "/home/jupyter/.local/lib/python3.7/site-packages/tqdm/_tqdm.py", line 1002, in __iter__
    for obj in iterable:
  File "/opt/conda/lib/python3.7/multiprocessing/pool.py", line 748, in next
    raise value
  File "/opt/conda/lib/python3.7/multiprocessing/pool.py", line 121, in worker
    result = (True, func(*args, **kwds))
  File "load_videos.py", line 68, in run
    save(os.path.join(args.out_folder, partition, path), entry['frames'], args.format)
  File "/home/jupyter/Acronym/video_processing/video-preprocessing/util.py", line 118, in save
    imageio.mimsave(path, frames)
  File "/opt/conda/lib/python3.7/site-packages/imageio/core/functions.py", line 357, in mimwrite
    writer.append_data(im)
  File "/opt/conda/lib/python3.7/site-packages/imageio/core/format.py", line 492, in append_data
    return self._append_data(im, total_meta)
  File "/opt/conda/lib/python3.7/site-packages/imageio/plugins/ffmpeg.py", line 571, in _append_data
    self._write_gen.send(im)
  File "/opt/conda/lib/python3.7/site-packages/imageio_ffmpeg/_io.py", line 418, in write_frames
    raise IOError(msg)
OSError: [Errno 32] Broken pipe

FFMPEG COMMAND:
/opt/conda/lib/python3.7/site-packages/imageio_ffmpeg/binaries/ffmpeg-linux64-v4.1 -y -f rawvideo -vcodec rawvideoTraceback (most recent call last):
  File "load_videos.py", line 92, in <module>
    df = pd.read_csv(args.metadata)
  File "/opt/conda/lib/python3.7/site-packages/pandas/io/parsers.py", line 678, in parser_f
    return _read(filepath_or_buffer, kwds)
  File "/opt/conda/lib/python3.7/site-packages/pandas/io/parsers.py", line 440, in _read
    parser = TextFileReader(filepath_or_buffer, **kwds)
  File "/opt/conda/lib/python3.7/site-packages/pandas/io/parsers.py", line 787, in __init__
    self._make_engine(self.engine)
  File "/opt/conda/lib/python3.7/site-packages/pandas/io/parsers.py", line 1014, in _make_engine
    self._engine = CParserWrapper(self.f, **self.options)
  File "/opt/conda/lib/python3.7/site-packages/pandas/io/parsers.py", line 1708, in __init__
    self._reader = parsers.TextReader(src, **kwds)
  File "pandas/_libs/parsers.pyx", line 542, in pandas._libs.parsers.TextReader.__cinit__
pandas.errors.EmptyDataError: No columns to parse from file
Traceback (most recent call last):
  File "load_videos.py", line 92, in <module>
    df = pd.read_csv(args.metadata)
  File "/opt/conda/lib/python3.7/site-packages/pandas/io/parsers.py", line 678, in parser_f
    return _read(filepath_or_buffer, kwds)
  File "/opt/conda/lib/python3.7/site-packages/pandas/io/parsers.py", line 440, in _read
    parser = TextFileReader(filepath_or_buffer, **kwds)
  File "/opt/conda/lib/python3.7/site-packages/pandas/io/parsers.py", line 787, in __init__
    self._make_engine(self.engine)
  File "/opt/conda/lib/python3.7/site-packages/pandas/io/parsers.py", line 1014, in _make_engine
    self._engine = CParserWrapper(self.f, **self.options)
  File "/opt/conda/lib/python3.7/site-packages/pandas/io/parsers.py", line 1708, in __init__
    self._reader = parsers.TextReader(src, **kwds)
  File "pandas/_libs/parsers.pyx", line 542, in pandas._libs.parsers.TextReader.__cinit__
pandas.errors.EmptyDataError: No columns to parse from file
Traceback (most recent call last):
  File "load_videos.py", line 92, in <module>
    df = pd.read_csv(args.metadata)
  File "/opt/conda/lib/python3.7/site-packages/pandas/io/parsers.py", line 678, in parser_f
    return _read(filepath_or_buffer, kwds)
  File "/opt/conda/lib/python3.7/site-packages/pandas/io/parsers.py", line 440, in _read
    parser = TextFileReader(filepath_or_buffer, **kwds)
  File "/opt/conda/lib/python3.7/site-packages/pandas/io/parsers.py", line 787, in __init__
    self._make_engine(self.engine)
  File "/opt/conda/lib/python3.7/site-packages/pandas/io/parsers.py", line 1014, in _make_engine
    self._engine = CParserWrapper(self.f, **self.options)
  File "/opt/conda/lib/python3.7/site-packages/pandas/io/parsers.py", line 1708, in __init__
    self._reader = parsers.TextReader(src, **kwds)
  File "pandas/_libs/parsers.pyx", line 542, in pandas._libs.parsers.TextReader.__cinit__
pandas.errors.EmptyDataError: No columns to parse from file
0it [00:00, ?it/s]Downloading: "https://www.adrianbulat.com/downloads/python-fan/2DFAN4-11f355bf06.pth.tar" to /home/jupyter/.torch/models/2DFAN4-11f355bf06.pth.tar
  0%|                                                                                | 0/95641761 [00:00<?, ?it/s]Downloading: "https://www.adrianbulat.com/downloads/python-fan/2DFAN4-11f355bf06.pth.tar" to /home/jupyter/.torch/models/2DFAN4-11f355bf06.pth.tar
  0%|                                                                                | 0/95641761 [00:00<?, ?it/s]Downloading: "https://www.adrianbulat.com/downloads/python-fan/2DFAN4-11f355bf06.pth.tar" to /home/jupyter/.torch/models/2DFAN4-11f355bf06.pth.tar
  0%|                                                                                | 0/95641761 [00:00<?, ?it/s]Downloading: "https://www.adrianbulat.com/downloads/python-fan/2DFAN4-11f355bf06.pth.tar" to /home/jupyter/.torch/models/2DFAN4-11f355bf06.pth.tar
  0%|                                                                                | 0/95641761 [00:00<?, ?it/s]Downloading: "https://www.adrianbulat.com/downloads/python-fan/2DFAN4-11f355bf06.pth.tar" to /home/jupyter/.torch/models/2DFAN4-11f355bf06.pth.tar
  0%|                                                                                | 0/95641761 [00:00<?, ?it/s]  0%|                                                                | 81920/95641761 [00:00<03:14, 490924.94it/s]  0%|                                                                | 81920/95641761 [00:00<03:18, 482428.14it/s]  0%|                                                                | 81920/95641761 [00:00<03:34, 445903.18it/s]  0%|                                                                | 81920/95641761 [00:00<03:35, 443703.56it/s]  0%|                                                                | 81920/95641761 [00:00<03:39, 436341.84it/s]  0%|▏                                                              | 245760/95641761 [00:00<02:35, 613438.21it/s]  0%|▏                                                              | 245760/95641761 [00:00<02:37, 605739.36it/s]  0%|▏                                                              | 270336/95641761 [00:00<02:44, 578327.97it/s]  0%|▎                                                              | 393216/95641761 [00:00<02:47, 567695.59it/s]  0%|▎                                                              | 425984/95641761 [00:00<02:48, 564922.60it/s]  1%|▍                                                              | 720896/95641761 [00:00<01:57, 804422.19it/s]  1%|▍                                                              | 753664/95641761 [00:00<01:57, 804532.82it/s]  1%|▍                                                              | 688128/95641761 [00:00<02:07, 744394.00it/s]  1%|▋                                                             | 1155072/95641761 [00:00<02:00, 785893.70it/s]  1%|▋                                                             | 1073152/95641761 [00:00<02:01, 777909.21it/s]  2%|█                                                            | 1703936/95641761 [00:00<01:25, 1099549.65it/s]  2%|█▏                                                           | 1949696/95641761 [00:00<01:24, 1113753.11it/s]  2%|█                                                            | 1744896/95641761 [00:00<01:30, 1032233.79it/s]  2%|█▍                                                           | 2179072/95641761 [00:00<01:26, 1086526.86it/s]  2%|█▍                                                           | 2277376/95641761 [00:00<01:26, 1080443.57it/s]  4%|██▌                                                          | 4046848/95641761 [00:00<00:59, 1539807.48it/s]  5%|██▉                                                          | 4513792/95641761 [00:00<00:58, 1561988.50it/s]  3%|█▊                                                           | 2826240/95641761 [00:00<01:05, 1416607.39it/s]  4%|██▎                                                          | 3686400/95641761 [00:00<01:01, 1505636.27it/s]  5%|██▊                                                          | 4464640/95641761 [00:00<01:00, 1511479.46it/s]  7%|████▍                                                        | 6930432/95641761 [00:00<00:41, 2147899.13it/s]  7%|████▌                                                        | 7061504/95641761 [00:00<00:40, 2174232.12it/s]  5%|███▎                                                         | 5111808/95641761 [00:00<00:45, 1971309.88it/s]  7%|████▎                                                        | 6684672/95641761 [00:00<00:42, 2105587.90it/s]  8%|████▋                                                        | 7372800/95641761 [00:00<00:41, 2112175.31it/s] 10%|██████▎                                                     | 10002432/95641761 [00:00<00:28, 2977710.42it/s] 10%|██████▎                                                      | 9822208/95641761 [00:00<00:28, 3003458.62it/s]  8%|█████                                                        | 7921664/95641761 [00:00<00:32, 2733950.31it/s] 10%|█████▊                                                       | 9150464/95641761 [00:00<00:29, 2901677.74it/s] 11%|██████▋                                                     | 10616832/95641761 [00:00<00:29, 2881405.30it/s] 11%|██████▋                                                     | 10665984/95641761 [00:00<00:22, 3745570.02it/s] 14%|████████▍                                                   | 13418496/95641761 [00:00<00:20, 4057614.13it/s] 13%|███████▉                                                    | 12566528/95641761 [00:01<00:20, 4000420.92it/s] 13%|███████▌                                                    | 11960320/95641761 [00:01<00:21, 3863381.22it/s] 14%|████████▍                                                   | 13524992/95641761 [00:01<00:20, 3948559.92it/s] 14%|████████▍                                                   | 13410304/95641761 [00:01<00:16, 5054952.40it/s] 18%|██████████▋                                                 | 17104896/95641761 [00:01<00:14, 5535370.91it/s] 16%|█████████▊                                                  | 15589376/95641761 [00:01<00:14, 5407925.86it/s] 15%|█████████▎                                                  | 14753792/95641761 [00:01<00:15, 5210150.82it/s] 17%|██████████▏                                                 | 16154624/95641761 [00:01<00:14, 5299450.62it/s] 21%|████████████▋                                               | 20152320/95641761 [00:01<00:10, 7208825.16it/s] 20%|███████████▉                                                | 18956288/95641761 [00:01<00:10, 7227916.92it/s] 17%|█████████▉                                                  | 15908864/95641761 [00:01<00:12, 6339314.63it/s] 18%|██████████▌                                                 | 16818176/95641761 [00:01<00:11, 6708900.83it/s] 20%|███████████▉                                                | 19103744/95641761 [00:01<00:10, 7029086.51it/s] 24%|██████████████▋                                             | 23404544/95641761 [00:01<00:07, 9404360.42it/s] 23%|█████████████▌                                              | 21528576/95641761 [00:01<00:08, 9215461.86it/s] 20%|███████████▊                                                | 18825216/95641761 [00:01<00:09, 8284183.24it/s] 20%|████████████▏                                               | 19365888/95641761 [00:01<00:08, 8611731.94it/s] 23%|█████████████▊                                              | 22102016/95641761 [00:01<00:08, 9124545.14it/s] 28%|████████████████▍                                          | 26673152/95641761 [00:01<00:05, 11904469.22it/s] 26%|███████████████▌                                           | 25296896/95641761 [00:01<00:05, 11915803.68it/s] 23%|█████████████▌                                             | 21905408/95641761 [00:01<00:06, 10611426.25it/s] 24%|██████████████▏                                            | 22904832/95641761 [00:01<00:06, 11139806.23it/s] 27%|███████████████▋                                           | 25468928/95641761 [00:01<00:06, 11678127.33it/s] 31%|██████████████████▌                                        | 30113792/95641761 [00:01<00:04, 14808494.05it/s] 30%|█████████████████▍                                         | 28221440/95641761 [00:01<00:04, 14425767.46it/s] 26%|███████████████                                            | 24428544/95641761 [00:01<00:05, 12743171.07it/s] 27%|███████████████▋                                           | 25509888/95641761 [00:01<00:05, 13311430.60it/s] 30%|█████████████████▍                                         | 28311552/95641761 [00:01<00:04, 14091316.48it/s] 35%|████████████████████▌                                      | 33357824/95641761 [00:01<00:03, 17690518.09it/s] 29%|█████████████████▏                                         | 27893760/95641761 [00:01<00:04, 15723951.87it/s] 33%|███████████████████▏                                       | 31121408/95641761 [00:01<00:04, 15347574.86it/s] 29%|█████████████████▍                                         | 28196864/95641761 [00:01<00:04, 14237572.03it/s] 38%|██████████████████████▌                                    | 36503552/95641761 [00:01<00:02, 20000887.35it/s] 33%|███████████████████▎                                       | 31227904/95641761 [00:01<00:04, 15024655.25it/s] 32%|██████████████████▉                                        | 30670848/95641761 [00:01<00:03, 17985341.40it/s] 36%|█████████████████████▏                                     | 34430976/95641761 [00:01<00:03, 18289319.11it/s] 33%|███████████████████▎                                       | 31260672/95641761 [00:01<00:03, 16959857.57it/s] 36%|█████████████████████▏                                     | 34258944/95641761 [00:01<00:03, 17699939.13it/s] 41%|████████████████████████▍                                  | 39682048/95641761 [00:01<00:02, 22279744.44it/s] 39%|███████████████████████▏                                   | 37519360/95641761 [00:01<00:02, 20834269.73it/s] 36%|█████████████████████                                      | 34103296/95641761 [00:01<00:03, 19293417.58it/s] 39%|███████████████████████                                    | 37404672/95641761 [00:01<00:02, 20372272.67it/s] 45%|██████████████████████████▍                                | 42942464/95641761 [00:01<00:02, 24612932.15it/s] 35%|████████████████████▌                                      | 33431552/95641761 [00:01<00:03, 16820497.73it/s] 43%|█████████████████████████▏                                 | 40771584/95641761 [00:01<00:02, 23350891.58it/s] 39%|███████████████████████                                    | 37478400/95641761 [00:02<00:02, 22135603.03it/s] 42%|████████████████████████▊                                  | 40222720/95641761 [00:02<00:02, 22217238.42it/s] 48%|████████████████████████████▌                              | 46301184/95641761 [00:02<00:01, 26752085.27it/s] 39%|██████████████████████▉                                    | 37273600/95641761 [00:02<00:02, 20232012.36it/s] 43%|█████████████████████████▏                                 | 40894464/95641761 [00:02<00:02, 24748464.07it/s] 45%|██████████████████████████▋                                | 43278336/95641761 [00:02<00:02, 24192919.65it/s] 42%|████████████████████████▊                                  | 40222720/95641761 [00:02<00:02, 21891783.36it/s] 46%|███████████████████████████▎                               | 44269568/95641761 [00:02<00:02, 22480173.13it/s] 52%|██████████████████████████████▌                            | 49479680/95641761 [00:02<00:01, 26199399.16it/s] 48%|████████████████████████████▍                              | 46161920/95641761 [00:02<00:01, 25139916.99it/s] 46%|███████████████████████████                                | 43786240/95641761 [00:02<00:02, 24754527.62it/s] 50%|█████████████████████████████▎                             | 47431680/95641761 [00:02<00:01, 24609677.38it/s] 55%|████████████████████████████████▍                          | 52592640/95641761 [00:02<00:01, 27486422.43it/s] 46%|███████████████████████████                                | 43917312/95641761 [00:02<00:02, 22111362.89it/s] 49%|████████████████████████████▉                              | 46858240/95641761 [00:02<00:01, 25421994.56it/s] 58%|██████████████████████████████████▍                        | 55836672/95641761 [00:02<00:01, 28605277.61it/s] 49%|████████████████████████████▊                              | 46784512/95641761 [00:02<00:02, 23738952.71it/s] 51%|██████████████████████████████▎                            | 49086464/95641761 [00:02<00:02, 22473679.49it/s] 53%|███████████████████████████████                            | 50397184/95641761 [00:02<00:01, 27513472.37it/s] 62%|████████████████████████████████████▌                      | 59195392/95641761 [00:02<00:01, 29934457.53it/s] 52%|██████████████████████████████▉                            | 50151424/95641761 [00:02<00:01, 25998782.07it/s] 54%|████████████████████████████████                           | 52060160/95641761 [00:02<00:01, 24245284.58it/s] 65%|██████████████████████████████████████▋                    | 62644224/95641761 [00:02<00:01, 31166263.16it/s] 56%|█████████████████████████████████                          | 53510144/95641761 [00:02<00:01, 27887277.00it/s] 58%|█████████████████████████████████▉                         | 55050240/95641761 [00:02<00:01, 25701962.29it/s] 56%|█████████████████████████████████▏                         | 53739520/95641761 [00:02<00:01, 26429024.87it/s] 69%|████████████████████████████████████████▋                  | 65888256/95641761 [00:02<00:00, 30394043.87it/s] 59%|██████████████████████████████████▉                        | 56557568/95641761 [00:02<00:01, 28614474.87it/s] 61%|███████████████████████████████████▊                       | 58073088/95641761 [00:02<00:01, 26909122.95it/s] 60%|███████████████████████████████████▏                       | 57139200/95641761 [00:02<00:01, 28319319.63it/s] 72%|██████████████████████████████████████████▋                | 69255168/95641761 [00:02<00:00, 31291492.78it/s] 62%|████████████████████████████████████▊                      | 59760640/95641761 [00:02<00:01, 29558223.64it/s] 64%|█████████████████████████████████████▉                     | 61423616/95641761 [00:02<00:01, 28596360.15it/s] 63%|█████████████████████████████████████▏                     | 60342272/95641761 [00:02<00:01, 29242380.20it/s] 76%|████████████████████████████████████████████▋              | 72515584/95641761 [00:02<00:00, 31300675.29it/s] 67%|███████████████████████████████████████▊                   | 64487424/95641761 [00:02<00:01, 29175813.21it/s] 67%|███████████████████████████████████████▎                   | 63668224/95641761 [00:02<00:01, 29977008.68it/s] 66%|██████████████████████████████████████▊                    | 62857216/95641761 [00:02<00:01, 25133472.51it/s] 53%|███████████████████████████████▌                            | 50282496/95641761 [00:02<00:04, 9723576.34it/s] 71%|█████████████████████████████████████████▋                 | 67502080/95641761 [00:02<00:00, 29424609.74it/s] 70%|█████████████████████████████████████████▎                 | 66895872/95641761 [00:02<00:00, 30630082.86it/s] 79%|██████████████████████████████████████████████▋            | 75726848/95641761 [00:03<00:00, 28862590.48it/s] 69%|████████████████████████████████████████▉                  | 66297856/95641761 [00:03<00:01, 27342936.29it/s] 58%|██████████████████████████████████▎                        | 55525376/95641761 [00:03<00:03, 12867808.67it/s] 82%|████████████████████████████████████████████████▌          | 78757888/95641761 [00:03<00:00, 29277109.46it/s] 73%|███████████████████████████████████████████▎               | 70172672/95641761 [00:03<00:00, 29499342.04it/s] 72%|██████████████████████████████████████████▋                | 69279744/95641761 [00:03<00:00, 28039565.32it/s] 74%|███████████████████████████████████████████▌               | 70516736/95641761 [00:03<00:01, 24709736.21it/s] 61%|████████████████████████████████████▏                      | 58580992/95641761 [00:03<00:02, 15336667.62it/s] 86%|██████████████████████████████████████████████████▌        | 81969152/95641761 [00:03<00:00, 29561733.95it/s] 77%|█████████████████████████████████████████████▌             | 73760768/95641761 [00:03<00:00, 31159746.47it/s] 76%|████████████████████████████████████████████▌              | 72237056/95641761 [00:03<00:00, 28443995.84it/s] 77%|█████████████████████████████████████████████▍             | 73580544/95641761 [00:03<00:00, 26228491.66it/s] 65%|██████████████████████████████████████▏                    | 61833216/95641761 [00:03<00:01, 18225904.71it/s] 89%|████████████████████████████████████████████████████▋      | 85508096/95641761 [00:03<00:00, 29397379.06it/s] 79%|██████████████████████████████████████████████▍            | 75350016/95641761 [00:03<00:00, 29199325.54it/s] 80%|███████████████████████████████████████████████▍           | 76947456/95641761 [00:03<00:00, 28346071.06it/s] 80%|███████████████████████████████████████████████▎           | 76636160/95641761 [00:03<00:00, 27389597.93it/s] 68%|████████████████████████████████████████                   | 64888832/95641761 [00:03<00:01, 19995202.09it/s] 93%|██████████████████████████████████████████████████████▉    | 89096192/95641761 [00:03<00:00, 31076054.29it/s] 82%|████████████████████████████████████████████████▎          | 78348288/95641761 [00:03<00:00, 29422913.76it/s] 83%|█████████████████████████████████████████████████▏         | 79806464/95641761 [00:03<00:00, 28535625.73it/s] 84%|█████████████████████████████████████████████████▍         | 80068608/95641761 [00:03<00:00, 28852598.28it/s] 72%|██████████████████████████████████████████▏                | 68386816/95641761 [00:03<00:01, 22939086.61it/s] 97%|█████████████████████████████████████████████████████████  | 92446720/95641761 [00:03<00:00, 31759742.09it/s] 87%|███████████████████████████████████████████████████        | 82862080/95641761 [00:03<00:00, 29110946.42it/s] 87%|███████████████████████████████████████████████████▍       | 83320832/95641761 [00:03<00:00, 29862969.22it/s] 75%|████████████████████████████████████████████▏              | 71565312/95641761 [00:03<00:00, 25027277.91it/s] 91%|█████████████████████████████████████████████████████▍     | 86614016/95641761 [00:03<00:00, 30720214.96it/s]100%|███████████████████████████████████████████████████████████| 95641761/95641761 [00:03<00:00, 26023758.80it/s] 78%|██████████████████████████████████████████████             | 74686464/95641761 [00:03<00:00, 24988892.22it/s] 90%|█████████████████████████████████████████████████████▏     | 86130688/95641761 [00:03<00:00, 25596453.37it/s] 94%|███████████████████████████████████████████████████████▌   | 90103808/95641761 [00:03<00:00, 31863369.04it/s] 82%|████████████████████████████████████████████████▏          | 78069760/95641761 [00:03<00:00, 27074416.98it/s] 94%|███████████████████████████████████████████████████████▎   | 89595904/95641761 [00:03<00:00, 27770704.78it/s] 98%|█████████████████████████████████████████████████████████▌ | 93339648/95641761 [00:03<00:00, 30123772.74it/s] 85%|██████████████████████████████████████████████████▎        | 81461248/95641761 [00:03<00:00, 28814280.27it/s] 97%|█████████████████████████████████████████████████████████▎ | 92807168/95641761 [00:03<00:00, 28942668.52it/s]100%|███████████████████████████████████████████████████████████| 95641761/95641761 [00:03<00:00, 24221420.99it/s]100%|███████████████████████████████████████████████████████████| 95641761/95641761 [00:04<00:00, 23827157.76it/s] 88%|████████████████████████████████████████████████████▏      | 84623360/95641761 [00:04<00:00, 28565685.28it/s] 85%|██████████████████████████████████████████████████▏        | 81346560/95641761 [00:04<00:01, 12076066.54it/s] 90%|█████████████████████████████████████████████████████      | 86007808/95641761 [00:04<00:00, 15526588.97it/s] 92%|██████████████████████████████████████████████████████     | 87703552/95641761 [00:04<00:00, 27943353.67it/s] 93%|███████████████████████████████████████████████████████    | 89210880/95641761 [00:04<00:00, 18186250.97it/s] 95%|████████████████████████████████████████████████████████   | 90914816/95641761 [00:04<00:00, 28975584.01it/s] 97%|█████████████████████████████████████████████████████████  | 92512256/95641761 [00:04<00:00, 21017281.05it/s] 98%|██████████████████████████████████████████████████████████ | 94175232/95641761 [00:04<00:00, 29530959.13it/s]100%|███████████████████████████████████████████████████████████| 95641761/95641761 [00:04<00:00, 21802806.45it/s]100%|██████████████████████████████████████████████████████████▉| 95617024/95641761 [00:04<00:00, 22188384.19it/s]100%|███████████████████████████████████████████████████████████| 95641761/95641761 [00:04<00:00, 21419979.92it/s]1it [00:29, 29.68s/it]4it [00:29, 20.79s/it]6it [00:30, 14.62s/it]7it [00:33, 11.20s/it]9it [00:33,  7.87s/it]13it [00:50,  6.76s/it]14it [00:51,  5.16s/it]15it [00:54,  4.48s/it]